<?xml version="1.0" encoding="utf-8"?><testsuites name="pytest tests"><testsuite name="pytest" errors="0" failures="0" skipped="0" tests="5" time="29.136" timestamp="2026-06-21T16:28:48.344016+00:00" hostname="agent-env-4754e567-3602-4e1f-b3fd-8f586d98c373"><testcase classname="backend.tests.test_itcan_api" name="test_root_alive" time="0.229" /><testcase classname="backend.tests.test_itcan_api" name="test_ai_chat_basic_arabic" time="7.170" /><testcase classname="backend.tests.test_itcan_api" name="test_ai_chat_multi_turn" time="11.985" /><testcase classname="backend.tests.test_itcan_api" name="test_ai_diagnose_with_image" time="9.494" /><testcase classname="backend.tests.test_itcan_api" name="test_create_and_list_build" time="0.118" /></testsuite></testsuites>